<?xml version="1.0" encoding="UTF-8"?>
<!-- Generated by org.testng.reporters.JUnitXMLReporter -->
<testsuite ignored="0" hostname="LIN-BTLH6J3" failures="0" tests="4" name="Test" time="36.718" errors="0" timestamp="2024-12-19T16:06:56 IST">
  <testcase classname="testcases.T001_validate_loginpage" name="verifyloginpage" time="3.056"/>
  <testcase classname="testcases.T001_validate_loginpage" name="verifyloginpage" time="11.663"/>
  <testcase classname="testcases.T001_validate_loginpage" name="verifyloginpage" time="11.543"/>
  <testcase classname="testcases.T001_validate_loginpage" name="verifyloginpage" time="2.809"/>
</testsuite> <!-- Test -->
