<?xml version="1.0" encoding="UTF-8"?>
<testng-results ignored="0" total="4" passed="4" failed="0" skipped="0">
  <reporter-output>
  </reporter-output>
  <suite started-at="2024-12-19T16:06:20 IST" name="Suite" finished-at="2024-12-19T16:06:56 IST" duration-ms="36718">
    <groups>
    </groups>
    <test started-at="2024-12-19T16:06:20 IST" name="Test" finished-at="2024-12-19T16:06:56 IST" duration-ms="36718">
      <class name="testcases.T001_validate_loginpage">
        <test-method is-config="true" signature="setup(java.lang.String,java.lang.String)[pri:0, instance:testcases.T001_validate_loginpage@d737b89]" started-at="2024-12-19T16:06:20 IST" name="setup" finished-at="2024-12-19T16:06:26 IST" duration-ms="6140" status="PASS">
          <params>
            <param index="0">
              <value>
                <![CDATA[Edge]]>
              </value>
            </param>
            <param index="1">
              <value>
                <![CDATA[Windows]]>
              </value>
            </param>
          </params>
          <reporter-output>
          </reporter-output>
        </test-method> <!-- setup -->
        <test-method signature="verifyloginpage(java.lang.String,java.lang.String,java.lang.String)[pri:0, instance:testcases.T001_validate_loginpage@d737b89]" started-at="2024-12-19T16:06:27 IST" name="verifyloginpage" data-provider="testuserid" finished-at="2024-12-19T16:06:30 IST" duration-ms="3056" status="PASS">
          <params>
            <param index="0">
              <value>
                <![CDATA[bharath.bharma98@gmail.com]]>
              </value>
            </param>
            <param index="1">
              <value>
                <![CDATA[Leelavathi@143]]>
              </value>
            </param>
            <param index="2">
              <value>
                <![CDATA[Valid]]>
              </value>
            </param>
          </params>
          <reporter-output>
          </reporter-output>
        </test-method> <!-- verifyloginpage -->
        <test-method signature="verifyloginpage(java.lang.String,java.lang.String,java.lang.String)[pri:0, instance:testcases.T001_validate_loginpage@d737b89]" started-at="2024-12-19T16:06:30 IST" name="verifyloginpage" data-provider="testuserid" finished-at="2024-12-19T16:06:42 IST" duration-ms="11663" status="PASS">
          <params>
            <param index="0">
              <value>
                <![CDATA[bhara@gmail.cpm]]>
              </value>
            </param>
            <param index="1">
              <value>
                <![CDATA[bbkjwndwjdwk]]>
              </value>
            </param>
            <param index="2">
              <value>
                <![CDATA[Invalid]]>
              </value>
            </param>
          </params>
          <reporter-output>
          </reporter-output>
        </test-method> <!-- verifyloginpage -->
        <test-method signature="verifyloginpage(java.lang.String,java.lang.String,java.lang.String)[pri:0, instance:testcases.T001_validate_loginpage@d737b89]" started-at="2024-12-19T16:06:42 IST" name="verifyloginpage" data-provider="testuserid" finished-at="2024-12-19T16:06:53 IST" duration-ms="11543" status="PASS">
          <params>
            <param index="0">
              <value>
                <![CDATA[bhathudjww@gmail.com]]>
              </value>
            </param>
            <param index="1">
              <value>
                <![CDATA[bwwjbdjwwn]]>
              </value>
            </param>
            <param index="2">
              <value>
                <![CDATA[Invalid]]>
              </value>
            </param>
          </params>
          <reporter-output>
          </reporter-output>
        </test-method> <!-- verifyloginpage -->
        <test-method signature="verifyloginpage(java.lang.String,java.lang.String,java.lang.String)[pri:0, instance:testcases.T001_validate_loginpage@d737b89]" started-at="2024-12-19T16:06:53 IST" name="verifyloginpage" data-provider="testuserid" finished-at="2024-12-19T16:06:56 IST" duration-ms="2809" status="PASS">
          <params>
            <param index="0">
              <value>
                <![CDATA[bharath.f.k@capgemini.com]]>
              </value>
            </param>
            <param index="1">
              <value>
                <![CDATA[Leelavathi@143]]>
              </value>
            </param>
            <param index="2">
              <value>
                <![CDATA[Valid]]>
              </value>
            </param>
          </params>
          <reporter-output>
          </reporter-output>
        </test-method> <!-- verifyloginpage -->
        <test-method is-config="true" signature="tearDown()[pri:0, instance:testcases.T001_validate_loginpage@d737b89]" started-at="2024-12-19T16:06:56 IST" name="tearDown" finished-at="2024-12-19T16:06:56 IST" duration-ms="208" status="PASS">
          <reporter-output>
          </reporter-output>
        </test-method> <!-- tearDown -->
      </class> <!-- testcases.T001_validate_loginpage -->
    </test> <!-- Test -->
  </suite> <!-- Suite -->
</testng-results>
